<?xml version="1.0" encoding="UTF-8"?>
<testng-results ignored="0" total="1" passed="1" failed="0" skipped="0">
  <reporter-output>
  </reporter-output>
  <suite started-at="2021-05-22T13:14:27 IST" name="nopCommerce" finished-at="2021-05-22T13:14:54 IST" duration-ms="27910">
    <groups>
      <group name="master">
        <method signature="TC_SearchCustomerByName_005.searchCustomerbyName()[pri:0, instance:com.nopcommerce.testCases.TC_SearchCustomerByName_005@37bd68c3]" name="searchCustomerbyName" class="com.nopcommerce.testCases.TC_SearchCustomerByName_005"/>
      </group> <!-- master -->
    </groups>
    <test started-at="2021-05-22T13:14:27 IST" name="chromeTest" finished-at="2021-05-22T13:14:54 IST" duration-ms="27910">
      <class name="com.nopcommerce.testCases.TC_SearchCustomerByName_005">
        <test-method is-config="true" signature="setup(java.lang.String)[pri:0, instance:com.nopcommerce.testCases.TC_SearchCustomerByName_005@37bd68c3]" started-at="2021-05-22T13:14:27 IST" name="setup" finished-at="2021-05-22T13:14:33 IST" duration-ms="6129" status="PASS">
          <params>
            <param index="0">
              <value>
                <![CDATA[chrome]]>
              </value>
            </param>
          </params>
          <reporter-output>
          </reporter-output>
        </test-method> <!-- setup -->
        <test-method signature="searchCustomerbyName()[pri:0, instance:com.nopcommerce.testCases.TC_SearchCustomerByName_005@37bd68c3]" started-at="2021-05-22T13:14:33 IST" name="searchCustomerbyName" finished-at="2021-05-22T13:14:54 IST" duration-ms="20199" status="PASS">
          <reporter-output>
          </reporter-output>
        </test-method> <!-- searchCustomerbyName -->
        <test-method is-config="true" signature="tearDown()[pri:0, instance:com.nopcommerce.testCases.TC_SearchCustomerByName_005@37bd68c3]" started-at="2021-05-22T13:14:54 IST" name="tearDown" finished-at="2021-05-22T13:14:54 IST" duration-ms="823" status="PASS">
          <reporter-output>
          </reporter-output>
        </test-method> <!-- tearDown -->
      </class> <!-- com.nopcommerce.testCases.TC_SearchCustomerByName_005 -->
    </test> <!-- chromeTest -->
  </suite> <!-- nopCommerce -->
</testng-results>
